\BOOKMARK [0][-]{chapter.1}{Functions, Limits, and Derivatives}{}% 1
\BOOKMARK [1][-]{section.1.1}{Real Numbers, Inequalities, Absolute Values.}{chapter.1}% 2
\BOOKMARK [1][-]{section.1.2}{Ordered Pairs of Real Numbers, the xy-Plane, Functions.}{chapter.1}% 3
\BOOKMARK [1][-]{section.1.3}{Operations with Functions.}{chapter.1}% 4
\BOOKMARK [1][-]{section.1.4}{Limits and Continuity.}{chapter.1}% 5
\BOOKMARK [1][-]{section.1.5}{Straight Lines and Their Equations.}{chapter.1}% 6
\BOOKMARK [1][-]{section.1.6}{The Derivative.}{chapter.1}% 7
\BOOKMARK [1][-]{section.1.7}{Derivatives of Polynomials and Rational Functions.}{chapter.1}% 8
\BOOKMARK [1][-]{section.1.8}{The Chain Rule.}{chapter.1}% 9
\BOOKMARK [1][-]{section.1.9}{Implicit Differentiation.}{chapter.1}% 10
\BOOKMARK [0][-]{chapter.2}{Applications of the Derivative}{}% 11
\BOOKMARK [1][-]{section.2.1}{Curve Sketching.}{chapter.2}% 12
\BOOKMARK [1][-]{section.2.2}{Maximum and Minimum Problems.}{chapter.2}% 13
\BOOKMARK [1][-]{section.2.3}{Rates of Change with respect to Time.}{chapter.2}% 14
\BOOKMARK [1][-]{section.2.4}{Approximate Values.}{chapter.2}% 15
\BOOKMARK [1][-]{section.2.5}{Rolle's Theorem and Its Consequences.}{chapter.2}% 16
\BOOKMARK [1][-]{section.2.6}{The Differential.}{chapter.2}% 17
\BOOKMARK [1][-]{section.2.7}{L'H\364pital's Rule.}{chapter.2}% 18
\BOOKMARK [0][-]{chapter.3}{Conic Sections}{}% 19
\BOOKMARK [1][-]{section.3.1}{The Circle.}{chapter.3}% 20
\BOOKMARK [1][-]{section.3.2}{The Parabola.}{chapter.3}% 21
\BOOKMARK [1][-]{section.3.3}{The Ellipse.}{chapter.3}% 22
\BOOKMARK [1][-]{section.3.4}{The Hyperbola.}{chapter.3}% 23
\BOOKMARK [0][-]{chapter.4}{Integration}{}% 24
\BOOKMARK [1][-]{section.4.1}{The Definite Integral.}{chapter.4}% 25
\BOOKMARK [1][-]{section.4.2}{Sequences and Summations.}{chapter.4}% 26
\BOOKMARK [1][-]{section.4.3}{Integrability of Monotonic Functions.}{chapter.4}% 27
\BOOKMARK [1][-]{section.4.4}{Properties of the Definite Integral.}{chapter.4}% 28
\BOOKMARK [1][-]{section.4.5}{The Fundamental Theorem of Calculus.}{chapter.4}% 29
\BOOKMARK [1][-]{section.4.6}{Indefinite Integrals.}{chapter.4}% 30
\BOOKMARK [1][-]{section.4.7}{Area between Curves.}{chapter.4}% 31
\BOOKMARK [1][-]{section.4.8}{Integrals of Velocity and Acceleration.}{chapter.4}% 32
\BOOKMARK [0][-]{chapter.5}{Logarithms and Exponential Functions}{}% 33
\BOOKMARK [1][-]{section.5.1}{The Natural Logarithm.}{chapter.5}% 34
\BOOKMARK [1][-]{section.5.2}{The Exponential Function.}{chapter.5}% 35
\BOOKMARK [1][-]{section.5.3}{Inverse Function Theorems.}{chapter.5}% 36
\BOOKMARK [1][-]{section.5.4}{Other Exponential and Logarithm Functions.}{chapter.5}% 37
\BOOKMARK [1][-]{section.5.5}{Introduction to Differential Equations.}{chapter.5}% 38
\BOOKMARK [0][-]{chapter.6}{Trigonometric Functions}{}% 39
\BOOKMARK [1][-]{section.6.1}{Sine and Cosine.}{chapter.6}% 40
\BOOKMARK [1][-]{section.6.2}{Calculus of Sine and Cosine.}{chapter.6}% 41
\BOOKMARK [1][-]{section.6.3}{Other Trigonometric Functions.}{chapter.6}% 42
\BOOKMARK [1][-]{section.6.4}{Inverse Trigonometric Functions.}{chapter.6}% 43
\BOOKMARK [1][-]{section.6.5}{Algebraic and Transcendental Functions.}{chapter.6}% 44
\BOOKMARK [1][-]{section.6.6}{Complex Numbers.}{chapter.6}% 45
\BOOKMARK [1][-]{section.6.7}{The Complex Exponential Function ez.}{chapter.6}% 46
\BOOKMARK [1][-]{section.6.8}{Differential Equations.}{chapter.6}% 47
\BOOKMARK [0][-]{chapter.7}{Techniques of Integration}{}% 48
\BOOKMARK [1][-]{section.7.1}{Integration by Parts.}{chapter.7}% 49
\BOOKMARK [1][-]{section.7.2}{Integrals of Trigonometric Functions.}{chapter.7}% 50
\BOOKMARK [1][-]{section.7.3}{Trigonometric Substitutions.}{chapter.7}% 51
\BOOKMARK [1][-]{section.7.4}{Partial Fractions.}{chapter.7}% 52
\BOOKMARK [1][-]{section.7.5}{Other Substitutions.}{chapter.7}% 53
\BOOKMARK [0][-]{chapter.8}{The Definite Integral \(Continued\)}{}% 54
\BOOKMARK [1][-]{section.8.1}{Average Value of a Function.}{chapter.8}% 55
\BOOKMARK [1][-]{section.8.2}{Riemann Sums and the Trapezoid Rule.}{chapter.8}% 56
\BOOKMARK [1][-]{section.8.3}{Numerical Approximations \(Continued\).}{chapter.8}% 57
\BOOKMARK [1][-]{section.8.4}{Volume.}{chapter.8}% 58
\BOOKMARK [1][-]{section.8.5}{Work.}{chapter.8}% 59
\BOOKMARK [1][-]{section.8.6}{Integration of Discontinuous Functions.}{chapter.8}% 60
\BOOKMARK [1][-]{section.8.7}{Improper Integrals.}{chapter.8}% 61
\BOOKMARK [0][-]{chapter.9}{Infinite Series}{}% 62
\BOOKMARK [1][-]{section.9.1}{Sequences and Their Limits.}{chapter.9}% 63
\BOOKMARK [1][-]{section.9.2}{Infinite Series: Definition and Properties.}{chapter.9}% 64
\BOOKMARK [1][-]{section.9.3}{Nonnegative Series.}{chapter.9}% 65
\BOOKMARK [1][-]{section.9.4}{Alternating Series.}{chapter.9}% 66
\BOOKMARK [1][-]{section.9.5}{Absolute and Conditional Convergence.}{chapter.9}% 67
\BOOKMARK [1][-]{section.9.6}{Power Series.}{chapter.9}% 68
\BOOKMARK [1][-]{section.9.7}{Functions Defined by Power Series.}{chapter.9}% 69
\BOOKMARK [1][-]{section.9.8}{Taylor Series.}{chapter.9}% 70
\BOOKMARK [0][-]{chapter.10}{Geometry in the Plane}{}% 71
\BOOKMARK [1][-]{section.10.1}{Parametrically Defined Curves.}{chapter.10}% 72
\BOOKMARK [1][-]{section.10.2}{Arc Length of a Parametrized Curve.}{chapter.10}% 73
\BOOKMARK [1][-]{section.10.3}{Vectors in the Plane.}{chapter.10}% 74
\BOOKMARK [1][-]{section.10.4}{The Derived Vector of a Parametrized Curve.}{chapter.10}% 75
\BOOKMARK [1][-]{section.10.5}{Vector Velocity and Acceleration.}{chapter.10}% 76
\BOOKMARK [1][-]{section.10.6}{Polar Coordinates.}{chapter.10}% 77
\BOOKMARK [1][-]{section.10.7}{Area and Arc Length in Polar Coordinates.}{chapter.10}% 78
\BOOKMARK [0][-]{chapter.11}{Differential Equations}{}% 79
\BOOKMARK [1][-]{section.11.1}{Review.}{chapter.11}% 80
\BOOKMARK [1][-]{section.11.2}{First-Order Linear Differential Equations.}{chapter.11}% 81
\BOOKMARK [1][-]{section.11.3}{Linear Differential Operators.}{chapter.11}% 82
\BOOKMARK [1][-]{section.11.4}{Homogeneous Differential Equations.}{chapter.11}% 83
\BOOKMARK [1][-]{section.11.5}{Nonhomogeneous Equations.}{chapter.11}% 84
\BOOKMARK [1][-]{section.11.6}{Hyperbolic Functions.}{chapter.11}% 85
